2019-03-06T20:34:19 fastq-dump.2.8.0 sys: timeout exhausted while reading file within network system module - mbedtls_ssl_read returned -76 ( NET - Reading information from the socket failed )
2019-03-06T21:25:35 fastq-dump.2.8.0 sys: timeout exhausted while reading file within network system module - mbedtls_ssl_read returned -76 ( NET - Reading information from the socket failed )
2019-03-06T21:36:13 fastq-dump.2.8.0 sys: timeout exhausted while reading file within network system module - mbedtls_ssl_read returned -76 ( NET - Reading information from the socket failed )
2019-03-06T22:00:17 fastq-dump.2.8.0 sys: timeout exhausted while reading file within network system module - mbedtls_ssl_read returned -76 ( NET - Reading information from the socket failed )
2019-03-06T22:15:53 fastq-dump.2.8.0 sys: timeout exhausted while reading file within network system module - mbedtls_ssl_read returned -76 ( NET - Reading information from the socket failed )
2019-03-06T22:16:11 fastq-dump.2.8.0 sys: error unknown while reading file within network system module - mbedtls_ssl_read returned -76 ( NET - Reading information from the socket failed )
2019-03-06T22:21:45 fastq-dump.2.8.0 sys: timeout exhausted while reading file within network system module - mbedtls_ssl_read returned -76 ( NET - Reading information from the socket failed )
2019-03-06T22:28:05 fastq-dump.2.8.0 sys: timeout exhausted while reading file within network system module - mbedtls_ssl_read returned -76 ( NET - Reading information from the socket failed )
2019-03-06T22:30:59 fastq-dump.2.8.0 sys: timeout exhausted while reading file within network system module - mbedtls_ssl_read returned -76 ( NET - Reading information from the socket failed )
2019-03-06T22:31:58 fastq-dump.2.8.0 sys: timeout exhausted while reading file within network system module - mbedtls_ssl_read returned -76 ( NET - Reading information from the socket failed )
2019-03-06T22:33:18 fastq-dump.2.8.0 sys: timeout exhausted while reading file within network system module - mbedtls_ssl_read returned -76 ( NET - Reading information from the socket failed )
2019-03-06T23:04:15 fastq-dump.2.8.0 sys: timeout exhausted while reading file within network system module - mbedtls_ssl_read returned -76 ( NET - Reading information from the socket failed )
2019-03-06T23:09:54 fastq-dump.2.8.0 sys: timeout exhausted while reading file within network system module - mbedtls_ssl_read returned -76 ( NET - Reading information from the socket failed )
2019-03-06T23:13:20 fastq-dump.2.8.0 sys: timeout exhausted while reading file within network system module - mbedtls_ssl_read returned -76 ( NET - Reading information from the socket failed )
2019-03-06T23:14:24 fastq-dump.2.8.0 sys: timeout exhausted while reading file within network system module - mbedtls_ssl_read returned -76 ( NET - Reading information from the socket failed )
2019-03-06T23:14:36 fastq-dump.2.8.0 sys: connection failed while opening file within cryptographic module - mbedtls_ssl_handshake returned -76 ( NET - Reading information from the socket failed )
2019-03-06T23:15:06 fastq-dump.2.8.0 sys: connection failed while opening file within cryptographic module - mbedtls_ssl_handshake returned -76 ( NET - Reading information from the socket failed )
2019-03-06T23:15:40 fastq-dump.2.8.0 sys: connection failed while opening file within cryptographic module - mbedtls_ssl_handshake returned -76 ( NET - Reading information from the socket failed )
2019-03-06T23:16:11 fastq-dump.2.8.0 sys: connection failed while opening file within cryptographic module - mbedtls_ssl_handshake returned -76 ( NET - Reading information from the socket failed )
2019-03-06T23:16:56 fastq-dump.2.8.0 sys: connection failed while opening file within cryptographic module - mbedtls_ssl_handshake returned -76 ( NET - Reading information from the socket failed )
2019-03-06T23:16:56 fastq-dump.2.8.0 err: connection failed while opening file within cryptographic module - failed SRR6506828

=============================================================
An error occurred during processing.
A report was generated into the file '/root/ncbi_error_report.xml'.
If the problem persists, you may consider sending the file
to 'sra@ncbi.nlm.nih.gov' for assistance.
=============================================================

