2019-03-06T19:50:39 fastq-dump.2.8.0 sys: error unknown while reading file within network system module - mbedtls_ssl_read returned -76 ( NET - Reading information from the socket failed )
2019-03-06T20:29:44 fastq-dump.2.8.0 sys: timeout exhausted while reading file within network system module - mbedtls_ssl_read returned -76 ( NET - Reading information from the socket failed )
2019-03-06T20:30:15 fastq-dump.2.8.0 sys: connection failed while opening file within cryptographic module - mbedtls_ssl_handshake returned -76 ( NET - Reading information from the socket failed )
2019-03-06T20:31:41 fastq-dump.2.8.0 sys: timeout exhausted while reading file within network system module - mbedtls_ssl_read returned -76 ( NET - Reading information from the socket failed )
2019-03-06T20:34:22 fastq-dump.2.8.0 sys: timeout exhausted while reading file within network system module - mbedtls_ssl_read returned -76 ( NET - Reading information from the socket failed )
2019-03-06T21:37:03 fastq-dump.2.8.0 sys: timeout exhausted while reading file within network system module - mbedtls_ssl_read returned -76 ( NET - Reading information from the socket failed )
2019-03-06T23:06:58 fastq-dump.2.8.0 sys: timeout exhausted while reading file within network system module - mbedtls_ssl_read returned -76 ( NET - Reading information from the socket failed )
2019-03-06T23:09:07 fastq-dump.2.8.0 sys: timeout exhausted while reading file within network system module - mbedtls_ssl_read returned -76 ( NET - Reading information from the socket failed )
2019-03-06T23:09:37 fastq-dump.2.8.0 sys: connection failed while opening file within cryptographic module - mbedtls_ssl_handshake returned -76 ( NET - Reading information from the socket failed )
2019-03-06T23:12:23 fastq-dump.2.8.0 sys: timeout exhausted while reading file within network system module - mbedtls_ssl_read returned -76 ( NET - Reading information from the socket failed )
2019-03-06T23:13:41 fastq-dump.2.8.0 sys: timeout exhausted while reading file within network system module - mbedtls_ssl_read returned -76 ( NET - Reading information from the socket failed )
2019-03-06T23:15:58 fastq-dump.2.8.0 sys: connection failed while opening file within cryptographic module - mbedtls_ssl_handshake returned -76 ( NET - Reading information from the socket failed )
2019-03-06T23:16:28 fastq-dump.2.8.0 sys: connection failed while opening file within cryptographic module - mbedtls_ssl_handshake returned -76 ( NET - Reading information from the socket failed )
2019-03-06T23:16:38 fastq-dump.2.8.0 sys: connection failed while opening file within cryptographic module - mbedtls_ssl_handshake returned -76 ( NET - Reading information from the socket failed )
2019-03-06T23:17:08 fastq-dump.2.8.0 sys: connection failed while opening file within cryptographic module - mbedtls_ssl_handshake returned -76 ( NET - Reading information from the socket failed )
2019-03-06T23:17:08 fastq-dump.2.8.0 err: connection failed while opening file within cryptographic module - failed SRR7130925

=============================================================
An error occurred during processing.
A report was generated into the file '/root/ncbi_error_report.xml'.
If the problem persists, you may consider sending the file
to 'sra@ncbi.nlm.nih.gov' for assistance.
=============================================================

